<?xml version="1.0" encoding="UTF-8"?>
<!-- Generated by org.testng.reporters.JUnitReportReporter -->
<testsuite hostname="DESKTOP-M7D4R89" failures="0" tests="4" name="api.test.StoreTests" time="3.433" errors="0" timestamp="2023-04-04T20:52:36 BST" skipped="0">
  <testcase classname="api.test.StoreTests" name="testPostStore" time="1.773"/>
  <system-out/>
  <testcase classname="api.test.StoreTests" name="testGetStore" time="0.533"/>
  <system-out/>
  <testcase classname="api.test.StoreTests" name="testGetInventoryStore" time="0.641"/>
  <system-out/>
  <testcase classname="api.test.StoreTests" name="testDeleteStore" time="0.486"/>
  <system-out/>
</testsuite> <!-- api.test.StoreTests -->
