<?xml version="1.0" encoding="UTF-8"?>
<!-- Generated by org.testng.reporters.JUnitReportReporter -->
<testsuite hostname="DESKTOP-M7D4R89" failures="0" tests="4" name="api.test.UserTests" time="2.551" errors="0" timestamp="2023-04-04T20:52:36 BST" skipped="0">
  <testcase classname="api.test.UserTests" name="testPostUser" time="0.497"/>
  <system-out/>
  <testcase classname="api.test.UserTests" name="testGetUserByName" time="0.486"/>
  <system-out/>
  <testcase classname="api.test.UserTests" name="testUpdateUserByName" time="0.979"/>
  <system-out/>
  <testcase classname="api.test.UserTests" name="testDeleteUserByName" time="0.589"/>
  <system-out/>
</testsuite> <!-- api.test.UserTests -->
